2020-02-19 19:06:20,225 [Worker-1: Loading available Gradle versions] INFO  o.e.b.c.i.u.g.PublishedGradleVersions - Gradle version information cache is up-to-date. Trying to read.
2020-02-19 19:09:09,356 [Worker-8: Building workspace] INFO  o.e.m.c.i.l.LifecycleMappingFactory - Using org.eclipse.m2e.jdt.JarLifecycleMapping lifecycle mapping for MavenProject: control.expenses:control.expenses:0.0.1-SNAPSHOT @ C:\Users\Ellen Rose\Desktop\Projects--FullStack\ControleDeDespesas\back-end\pom.xml.
2020-02-19 19:09:21,470 [Worker-8: Building workspace] INFO  o.e.m.c.i.embedder.EclipseLogger - Using 'UTF-8' encoding to copy filtered resources.
2020-02-19 19:09:21,485 [Worker-8: Building workspace] INFO  o.e.m.c.i.embedder.EclipseLogger - Copying 1 resource
2020-02-19 19:09:21,540 [Worker-8: Building workspace] INFO  o.e.m.c.i.embedder.EclipseLogger - Copying 0 resource
2020-02-19 19:09:21,547 [Worker-8: Building workspace] INFO  o.e.m.c.i.embedder.EclipseLogger - Using 'UTF-8' encoding to copy filtered resources.
2020-02-19 19:09:21,547 [Worker-8: Building workspace] INFO  o.e.m.c.i.embedder.EclipseLogger - skip non existing resourceDirectory C:\Users\Ellen Rose\Desktop\Projects--FullStack\ControleDeDespesas\back-end\src\test\resources
2020-02-19 19:09:30,136 [Worker-0: Updating Maven Dependencies] INFO  o.e.m.c.i.l.LifecycleMappingFactory - Using org.eclipse.m2e.jdt.JarLifecycleMapping lifecycle mapping for MavenProject: control.expenses:control.expenses:0.0.1-SNAPSHOT @ C:\Users\Ellen Rose\Desktop\Projects--FullStack\ControleDeDespesas\back-end\pom.xml.
2020-02-19 19:09:33,758 [Worker-7: Building workspace] INFO  o.e.m.c.i.embedder.EclipseLogger - Using 'UTF-8' encoding to copy filtered resources.
2020-02-19 19:09:33,765 [Worker-7: Building workspace] INFO  o.e.m.c.i.embedder.EclipseLogger - Copying 1 resource
2020-02-19 19:09:33,771 [Worker-7: Building workspace] INFO  o.e.m.c.i.embedder.EclipseLogger - Copying 0 resource
2020-02-19 19:09:33,775 [Worker-7: Building workspace] INFO  o.e.m.c.i.embedder.EclipseLogger - Using 'UTF-8' encoding to copy filtered resources.
2020-02-19 19:09:33,775 [Worker-7: Building workspace] INFO  o.e.m.c.i.embedder.EclipseLogger - skip non existing resourceDirectory C:\Users\Ellen Rose\Desktop\Projects--FullStack\ControleDeDespesas\back-end\src\test\resources
2020-02-19 19:09:37,891 [Worker-8: Building workspace] INFO  o.e.m.c.i.embedder.EclipseLogger - Using 'UTF-8' encoding to copy filtered resources.
2020-02-19 19:09:37,896 [Worker-8: Building workspace] INFO  o.e.m.c.i.embedder.EclipseLogger - Copying 1 resource
2020-02-19 19:09:37,904 [Worker-8: Building workspace] INFO  o.e.m.c.i.embedder.EclipseLogger - Copying 0 resource
2020-02-19 19:09:37,962 [Worker-8: Building workspace] INFO  o.e.m.c.i.embedder.EclipseLogger - Using 'UTF-8' encoding to copy filtered resources.
2020-02-19 19:09:37,963 [Worker-8: Building workspace] INFO  o.e.m.c.i.embedder.EclipseLogger - skip non existing resourceDirectory C:\Users\Ellen Rose\Desktop\Projects--FullStack\ControleDeDespesas\back-end\src\test\resources
2020-02-20 09:24:32,773 [Worker-1: Loading available Gradle versions] INFO  o.e.b.c.i.u.g.PublishedGradleVersions - Gradle version information cache is up-to-date. Trying to read.
2020-02-20 09:49:44,127 [Worker-17: Launching ApplicationTests.showExpenseForCategory] INFO  o.e.m.c.i.embedder.EclipseLogger - Using 'UTF-8' encoding to copy filtered resources.
2020-02-20 09:49:44,137 [Worker-17: Launching ApplicationTests.showExpenseForCategory] INFO  o.e.m.c.i.embedder.EclipseLogger - Copying 1 resource
2020-02-20 09:49:44,164 [Worker-17: Launching ApplicationTests.showExpenseForCategory] INFO  o.e.m.c.i.embedder.EclipseLogger - Copying 0 resource
2020-02-20 09:49:44,170 [Worker-17: Launching ApplicationTests.showExpenseForCategory] INFO  o.e.m.c.i.embedder.EclipseLogger - Using 'UTF-8' encoding to copy filtered resources.
2020-02-20 09:49:44,170 [Worker-17: Launching ApplicationTests.showExpenseForCategory] INFO  o.e.m.c.i.embedder.EclipseLogger - skip non existing resourceDirectory C:\Users\Ellen Rose\Desktop\Projects--FullStack\ControleDeDespesas\back-end\src\test\resources
2020-02-20 09:50:26,222 [Worker-8: Building workspace] INFO  o.e.m.c.i.embedder.EclipseLogger - Using 'UTF-8' encoding to copy filtered resources.
2020-02-20 09:50:26,225 [Worker-8: Building workspace] INFO  o.e.m.c.i.embedder.EclipseLogger - Copying 0 resource
2020-02-20 09:50:26,226 [Worker-8: Building workspace] INFO  o.e.m.c.i.embedder.EclipseLogger - Copying 0 resource
2020-02-20 09:50:26,230 [Worker-8: Building workspace] INFO  o.e.m.c.i.embedder.EclipseLogger - Using 'UTF-8' encoding to copy filtered resources.
2020-02-20 09:50:26,230 [Worker-8: Building workspace] INFO  o.e.m.c.i.embedder.EclipseLogger - skip non existing resourceDirectory C:\Users\Ellen Rose\Desktop\Projects--FullStack\ControleDeDespesas\back-end\src\test\resources
2020-02-20 09:52:06,989 [Worker-17: Building workspace] INFO  o.e.m.c.i.embedder.EclipseLogger - Using 'UTF-8' encoding to copy filtered resources.
2020-02-20 09:52:06,996 [Worker-17: Building workspace] INFO  o.e.m.c.i.embedder.EclipseLogger - Copying 1 resource
2020-02-20 09:52:07,003 [Worker-17: Building workspace] INFO  o.e.m.c.i.embedder.EclipseLogger - Copying 0 resource
2020-02-20 09:52:07,008 [Worker-17: Building workspace] INFO  o.e.m.c.i.embedder.EclipseLogger - Using 'UTF-8' encoding to copy filtered resources.
2020-02-20 09:52:07,008 [Worker-17: Building workspace] INFO  o.e.m.c.i.embedder.EclipseLogger - skip non existing resourceDirectory C:\Users\Ellen Rose\Desktop\Projects--FullStack\ControleDeDespesas\back-end\src\test\resources
2020-02-20 09:52:57,075 [Worker-18: Building workspace] INFO  o.e.m.c.i.embedder.EclipseLogger - Using 'UTF-8' encoding to copy filtered resources.
2020-02-20 09:52:57,079 [Worker-18: Building workspace] INFO  o.e.m.c.i.embedder.EclipseLogger - Copying 1 resource
2020-02-20 09:52:57,086 [Worker-18: Building workspace] INFO  o.e.m.c.i.embedder.EclipseLogger - Copying 0 resource
2020-02-20 09:52:57,090 [Worker-18: Building workspace] INFO  o.e.m.c.i.embedder.EclipseLogger - Using 'UTF-8' encoding to copy filtered resources.
2020-02-20 09:52:57,091 [Worker-18: Building workspace] INFO  o.e.m.c.i.embedder.EclipseLogger - skip non existing resourceDirectory C:\Users\Ellen Rose\Desktop\Projects--FullStack\ControleDeDespesas\back-end\src\test\resources
2020-02-20 09:55:06,826 [Worker-20: Building workspace] INFO  o.e.m.c.i.embedder.EclipseLogger - Using 'UTF-8' encoding to copy filtered resources.
2020-02-20 09:55:06,828 [Worker-20: Building workspace] INFO  o.e.m.c.i.embedder.EclipseLogger - Copying 0 resource
2020-02-20 09:55:06,830 [Worker-20: Building workspace] INFO  o.e.m.c.i.embedder.EclipseLogger - Copying 0 resource
2020-02-20 09:55:06,834 [Worker-20: Building workspace] INFO  o.e.m.c.i.embedder.EclipseLogger - Using 'UTF-8' encoding to copy filtered resources.
2020-02-20 09:55:06,835 [Worker-20: Building workspace] INFO  o.e.m.c.i.embedder.EclipseLogger - skip non existing resourceDirectory C:\Users\Ellen Rose\Desktop\Projects--FullStack\ControleDeDespesas\back-end\src\test\resources
2020-02-20 10:07:14,486 [Worker-25: Building workspace] INFO  o.e.m.c.i.embedder.EclipseLogger - Using 'UTF-8' encoding to copy filtered resources.
2020-02-20 10:07:14,487 [Worker-25: Building workspace] INFO  o.e.m.c.i.embedder.EclipseLogger - Copying 0 resource
2020-02-20 10:07:14,488 [Worker-25: Building workspace] INFO  o.e.m.c.i.embedder.EclipseLogger - Copying 0 resource
2020-02-20 10:07:14,493 [Worker-25: Building workspace] INFO  o.e.m.c.i.embedder.EclipseLogger - Using 'UTF-8' encoding to copy filtered resources.
2020-02-20 10:07:14,493 [Worker-25: Building workspace] INFO  o.e.m.c.i.embedder.EclipseLogger - skip non existing resourceDirectory C:\Users\Ellen Rose\Desktop\Projects--FullStack\ControleDeDespesas\back-end\src\test\resources
2020-02-20 10:08:42,074 [Worker-27: Building workspace] INFO  o.e.m.c.i.embedder.EclipseLogger - Using 'UTF-8' encoding to copy filtered resources.
2020-02-20 10:08:42,075 [Worker-27: Building workspace] INFO  o.e.m.c.i.embedder.EclipseLogger - Copying 0 resource
2020-02-20 10:08:42,077 [Worker-27: Building workspace] INFO  o.e.m.c.i.embedder.EclipseLogger - Copying 0 resource
2020-02-20 10:08:42,080 [Worker-27: Building workspace] INFO  o.e.m.c.i.embedder.EclipseLogger - Using 'UTF-8' encoding to copy filtered resources.
2020-02-20 10:08:42,081 [Worker-27: Building workspace] INFO  o.e.m.c.i.embedder.EclipseLogger - skip non existing resourceDirectory C:\Users\Ellen Rose\Desktop\Projects--FullStack\ControleDeDespesas\back-end\src\test\resources
2020-02-20 10:10:35,144 [Worker-26: Building workspace] INFO  o.e.m.c.i.embedder.EclipseLogger - Using 'UTF-8' encoding to copy filtered resources.
2020-02-20 10:10:35,145 [Worker-26: Building workspace] INFO  o.e.m.c.i.embedder.EclipseLogger - Copying 0 resource
2020-02-20 10:10:35,146 [Worker-26: Building workspace] INFO  o.e.m.c.i.embedder.EclipseLogger - Copying 0 resource
2020-02-20 10:10:35,151 [Worker-26: Building workspace] INFO  o.e.m.c.i.embedder.EclipseLogger - Using 'UTF-8' encoding to copy filtered resources.
2020-02-20 10:10:35,152 [Worker-26: Building workspace] INFO  o.e.m.c.i.embedder.EclipseLogger - skip non existing resourceDirectory C:\Users\Ellen Rose\Desktop\Projects--FullStack\ControleDeDespesas\back-end\src\test\resources
2020-02-20 10:11:20,817 [Worker-29: Building workspace] INFO  o.e.m.c.i.embedder.EclipseLogger - Using 'UTF-8' encoding to copy filtered resources.
2020-02-20 10:11:20,819 [Worker-29: Building workspace] INFO  o.e.m.c.i.embedder.EclipseLogger - Copying 0 resource
2020-02-20 10:11:20,820 [Worker-29: Building workspace] INFO  o.e.m.c.i.embedder.EclipseLogger - Copying 0 resource
2020-02-20 10:11:20,824 [Worker-29: Building workspace] INFO  o.e.m.c.i.embedder.EclipseLogger - Using 'UTF-8' encoding to copy filtered resources.
2020-02-20 10:11:20,824 [Worker-29: Building workspace] INFO  o.e.m.c.i.embedder.EclipseLogger - skip non existing resourceDirectory C:\Users\Ellen Rose\Desktop\Projects--FullStack\ControleDeDespesas\back-end\src\test\resources
2020-02-20 10:16:09,200 [Worker-27: Building workspace] INFO  o.e.m.c.i.embedder.EclipseLogger - Using 'UTF-8' encoding to copy filtered resources.
2020-02-20 10:16:09,216 [Worker-27: Building workspace] INFO  o.e.m.c.i.embedder.EclipseLogger - Copying 0 resource
2020-02-20 10:16:09,216 [Worker-27: Building workspace] INFO  o.e.m.c.i.embedder.EclipseLogger - Copying 0 resource
2020-02-20 10:16:09,216 [Worker-27: Building workspace] INFO  o.e.m.c.i.embedder.EclipseLogger - Using 'UTF-8' encoding to copy filtered resources.
2020-02-20 10:16:09,216 [Worker-27: Building workspace] INFO  o.e.m.c.i.embedder.EclipseLogger - skip non existing resourceDirectory C:\Users\Ellen Rose\Desktop\Projects--FullStack\ControleDeDespesas\back-end\src\test\resources
2020-02-20 10:20:25,526 [Worker-33: Building workspace] INFO  o.e.m.c.i.embedder.EclipseLogger - Using 'UTF-8' encoding to copy filtered resources.
2020-02-20 10:20:25,526 [Worker-33: Building workspace] INFO  o.e.m.c.i.embedder.EclipseLogger - Copying 0 resource
2020-02-20 10:20:25,526 [Worker-33: Building workspace] INFO  o.e.m.c.i.embedder.EclipseLogger - Copying 0 resource
2020-02-20 10:20:25,526 [Worker-33: Building workspace] INFO  o.e.m.c.i.embedder.EclipseLogger - Using 'UTF-8' encoding to copy filtered resources.
2020-02-20 10:20:25,526 [Worker-33: Building workspace] INFO  o.e.m.c.i.embedder.EclipseLogger - skip non existing resourceDirectory C:\Users\Ellen Rose\Desktop\Projects--FullStack\ControleDeDespesas\back-end\src\test\resources
2020-02-20 10:35:51,948 [Worker-51: Building workspace] INFO  o.e.m.c.i.embedder.EclipseLogger - Using 'UTF-8' encoding to copy filtered resources.
2020-02-20 10:35:51,948 [Worker-51: Building workspace] INFO  o.e.m.c.i.embedder.EclipseLogger - Copying 0 resource
2020-02-20 10:35:51,948 [Worker-51: Building workspace] INFO  o.e.m.c.i.embedder.EclipseLogger - Copying 0 resource
2020-02-20 10:35:51,963 [Worker-51: Building workspace] INFO  o.e.m.c.i.embedder.EclipseLogger - Using 'UTF-8' encoding to copy filtered resources.
2020-02-20 10:35:51,963 [Worker-51: Building workspace] INFO  o.e.m.c.i.embedder.EclipseLogger - skip non existing resourceDirectory C:\Users\Ellen Rose\Desktop\Projects--FullStack\ControleDeDespesas\back-end\src\test\resources
2020-02-20 10:38:11,543 [Worker-49: Launching ApplicationTests.showExpenseForCategory] INFO  o.e.m.c.i.embedder.EclipseLogger - Using 'UTF-8' encoding to copy filtered resources.
2020-02-20 10:38:11,543 [Worker-49: Launching ApplicationTests.showExpenseForCategory] INFO  o.e.m.c.i.embedder.EclipseLogger - Copying 0 resource
2020-02-20 10:38:11,543 [Worker-49: Launching ApplicationTests.showExpenseForCategory] INFO  o.e.m.c.i.embedder.EclipseLogger - Copying 0 resource
2020-02-20 10:38:11,543 [Worker-49: Launching ApplicationTests.showExpenseForCategory] INFO  o.e.m.c.i.embedder.EclipseLogger - Using 'UTF-8' encoding to copy filtered resources.
2020-02-20 10:38:11,543 [Worker-49: Launching ApplicationTests.showExpenseForCategory] INFO  o.e.m.c.i.embedder.EclipseLogger - skip non existing resourceDirectory C:\Users\Ellen Rose\Desktop\Projects--FullStack\ControleDeDespesas\back-end\src\test\resources
2020-02-20 10:39:38,010 [Worker-48: Building workspace] INFO  o.e.m.c.i.embedder.EclipseLogger - Using 'UTF-8' encoding to copy filtered resources.
2020-02-20 10:39:38,010 [Worker-48: Building workspace] INFO  o.e.m.c.i.embedder.EclipseLogger - Copying 0 resource
2020-02-20 10:39:38,010 [Worker-48: Building workspace] INFO  o.e.m.c.i.embedder.EclipseLogger - Copying 0 resource
2020-02-20 10:39:38,026 [Worker-48: Building workspace] INFO  o.e.m.c.i.embedder.EclipseLogger - Using 'UTF-8' encoding to copy filtered resources.
2020-02-20 10:39:38,026 [Worker-48: Building workspace] INFO  o.e.m.c.i.embedder.EclipseLogger - skip non existing resourceDirectory C:\Users\Ellen Rose\Desktop\Projects--FullStack\ControleDeDespesas\back-end\src\test\resources
2020-02-20 10:39:51,011 [Worker-52: Building workspace] INFO  o.e.m.c.i.embedder.EclipseLogger - Using 'UTF-8' encoding to copy filtered resources.
2020-02-20 10:39:51,011 [Worker-52: Building workspace] INFO  o.e.m.c.i.embedder.EclipseLogger - Copying 0 resource
2020-02-20 10:39:51,011 [Worker-52: Building workspace] INFO  o.e.m.c.i.embedder.EclipseLogger - Copying 0 resource
2020-02-20 10:39:51,027 [Worker-52: Building workspace] INFO  o.e.m.c.i.embedder.EclipseLogger - Using 'UTF-8' encoding to copy filtered resources.
2020-02-20 10:39:51,027 [Worker-52: Building workspace] INFO  o.e.m.c.i.embedder.EclipseLogger - skip non existing resourceDirectory C:\Users\Ellen Rose\Desktop\Projects--FullStack\ControleDeDespesas\back-end\src\test\resources
2020-02-20 10:40:39,825 [Worker-54: Building workspace] INFO  o.e.m.c.i.embedder.EclipseLogger - Using 'UTF-8' encoding to copy filtered resources.
2020-02-20 10:40:39,825 [Worker-54: Building workspace] INFO  o.e.m.c.i.embedder.EclipseLogger - Copying 0 resource
2020-02-20 10:40:39,840 [Worker-54: Building workspace] INFO  o.e.m.c.i.embedder.EclipseLogger - Copying 0 resource
2020-02-20 10:40:39,840 [Worker-54: Building workspace] INFO  o.e.m.c.i.embedder.EclipseLogger - Using 'UTF-8' encoding to copy filtered resources.
2020-02-20 10:40:39,840 [Worker-54: Building workspace] INFO  o.e.m.c.i.embedder.EclipseLogger - skip non existing resourceDirectory C:\Users\Ellen Rose\Desktop\Projects--FullStack\ControleDeDespesas\back-end\src\test\resources
2020-02-20 10:41:23,694 [Worker-55: Building workspace] INFO  o.e.m.c.i.embedder.EclipseLogger - Using 'UTF-8' encoding to copy filtered resources.
2020-02-20 10:41:23,710 [Worker-55: Building workspace] INFO  o.e.m.c.i.embedder.EclipseLogger - Copying 0 resource
2020-02-20 10:41:23,710 [Worker-55: Building workspace] INFO  o.e.m.c.i.embedder.EclipseLogger - Copying 0 resource
2020-02-20 10:41:23,710 [Worker-55: Building workspace] INFO  o.e.m.c.i.embedder.EclipseLogger - Using 'UTF-8' encoding to copy filtered resources.
2020-02-20 10:41:23,710 [Worker-55: Building workspace] INFO  o.e.m.c.i.embedder.EclipseLogger - skip non existing resourceDirectory C:\Users\Ellen Rose\Desktop\Projects--FullStack\ControleDeDespesas\back-end\src\test\resources
2020-02-20 11:02:05,844 [Worker-54: Building workspace] INFO  o.e.m.c.i.embedder.EclipseLogger - Using 'UTF-8' encoding to copy filtered resources.
2020-02-20 11:02:05,845 [Worker-54: Building workspace] INFO  o.e.m.c.i.embedder.EclipseLogger - Copying 0 resource
2020-02-20 11:02:05,847 [Worker-54: Building workspace] INFO  o.e.m.c.i.embedder.EclipseLogger - Copying 0 resource
2020-02-20 11:02:05,851 [Worker-54: Building workspace] INFO  o.e.m.c.i.embedder.EclipseLogger - Using 'UTF-8' encoding to copy filtered resources.
2020-02-20 11:02:05,852 [Worker-54: Building workspace] INFO  o.e.m.c.i.embedder.EclipseLogger - skip non existing resourceDirectory C:\Users\Ellen Rose\Desktop\Projects--FullStack\ControleDeDespesas\back-end\src\test\resources
2020-02-20 11:06:24,436 [Worker-59: Building workspace] INFO  o.e.m.c.i.embedder.EclipseLogger - Using 'UTF-8' encoding to copy filtered resources.
2020-02-20 11:06:24,438 [Worker-59: Building workspace] INFO  o.e.m.c.i.embedder.EclipseLogger - Copying 0 resource
2020-02-20 11:06:24,439 [Worker-59: Building workspace] INFO  o.e.m.c.i.embedder.EclipseLogger - Copying 0 resource
2020-02-20 11:06:24,444 [Worker-59: Building workspace] INFO  o.e.m.c.i.embedder.EclipseLogger - Using 'UTF-8' encoding to copy filtered resources.
2020-02-20 11:06:24,444 [Worker-59: Building workspace] INFO  o.e.m.c.i.embedder.EclipseLogger - skip non existing resourceDirectory C:\Users\Ellen Rose\Desktop\Projects--FullStack\ControleDeDespesas\back-end\src\test\resources
2020-02-20 11:09:46,269 [Worker-54: Launching ApplicationTests.showExpenseForCategory] INFO  o.e.m.c.i.embedder.EclipseLogger - Using 'UTF-8' encoding to copy filtered resources.
2020-02-20 11:09:46,270 [Worker-54: Launching ApplicationTests.showExpenseForCategory] INFO  o.e.m.c.i.embedder.EclipseLogger - Copying 0 resource
2020-02-20 11:09:46,271 [Worker-54: Launching ApplicationTests.showExpenseForCategory] INFO  o.e.m.c.i.embedder.EclipseLogger - Copying 0 resource
2020-02-20 11:09:46,276 [Worker-54: Launching ApplicationTests.showExpenseForCategory] INFO  o.e.m.c.i.embedder.EclipseLogger - Using 'UTF-8' encoding to copy filtered resources.
2020-02-20 11:09:46,277 [Worker-54: Launching ApplicationTests.showExpenseForCategory] INFO  o.e.m.c.i.embedder.EclipseLogger - skip non existing resourceDirectory C:\Users\Ellen Rose\Desktop\Projects--FullStack\ControleDeDespesas\back-end\src\test\resources
2020-02-20 11:12:00,488 [Worker-62: Building workspace] INFO  o.e.m.c.i.embedder.EclipseLogger - Using 'UTF-8' encoding to copy filtered resources.
2020-02-20 11:12:00,494 [Worker-62: Building workspace] INFO  o.e.m.c.i.embedder.EclipseLogger - Copying 1 resource
2020-02-20 11:12:00,515 [Worker-62: Building workspace] INFO  o.e.m.c.i.embedder.EclipseLogger - Copying 0 resource
2020-02-20 11:12:00,519 [Worker-62: Building workspace] INFO  o.e.m.c.i.embedder.EclipseLogger - Using 'UTF-8' encoding to copy filtered resources.
2020-02-20 11:12:00,520 [Worker-62: Building workspace] INFO  o.e.m.c.i.embedder.EclipseLogger - skip non existing resourceDirectory C:\Users\Ellen Rose\Desktop\Projects--FullStack\ControleDeDespesas\back-end\src\test\resources
2020-02-20 11:12:50,546 [Worker-62: Building workspace] INFO  o.e.m.c.i.embedder.EclipseLogger - Using 'UTF-8' encoding to copy filtered resources.
2020-02-20 11:12:50,546 [Worker-62: Building workspace] INFO  o.e.m.c.i.embedder.EclipseLogger - Copying 0 resource
2020-02-20 11:12:50,546 [Worker-62: Building workspace] INFO  o.e.m.c.i.embedder.EclipseLogger - Copying 0 resource
2020-02-20 11:12:50,546 [Worker-62: Building workspace] INFO  o.e.m.c.i.embedder.EclipseLogger - Using 'UTF-8' encoding to copy filtered resources.
2020-02-20 11:12:50,546 [Worker-62: Building workspace] INFO  o.e.m.c.i.embedder.EclipseLogger - skip non existing resourceDirectory C:\Users\Ellen Rose\Desktop\Projects--FullStack\ControleDeDespesas\back-end\src\test\resources
2020-02-20 11:37:03,026 [Worker-65: Building workspace] INFO  o.e.m.c.i.embedder.EclipseLogger - Using 'UTF-8' encoding to copy filtered resources.
2020-02-20 11:37:03,026 [Worker-65: Building workspace] INFO  o.e.m.c.i.embedder.EclipseLogger - Copying 0 resource
2020-02-20 11:37:03,026 [Worker-65: Building workspace] INFO  o.e.m.c.i.embedder.EclipseLogger - Copying 0 resource
2020-02-20 11:37:03,026 [Worker-65: Building workspace] INFO  o.e.m.c.i.embedder.EclipseLogger - Using 'UTF-8' encoding to copy filtered resources.
2020-02-20 11:37:03,026 [Worker-65: Building workspace] INFO  o.e.m.c.i.embedder.EclipseLogger - skip non existing resourceDirectory C:\Users\Ellen Rose\Desktop\Projects--FullStack\ControleDeDespesas\back-end\src\test\resources
2020-02-20 11:55:21,342 [Worker-73: Building workspace] INFO  o.e.m.c.i.embedder.EclipseLogger - Using 'UTF-8' encoding to copy filtered resources.
2020-02-20 11:55:21,342 [Worker-73: Building workspace] INFO  o.e.m.c.i.embedder.EclipseLogger - Copying 0 resource
2020-02-20 11:55:21,342 [Worker-73: Building workspace] INFO  o.e.m.c.i.embedder.EclipseLogger - Copying 0 resource
2020-02-20 11:55:21,358 [Worker-73: Building workspace] INFO  o.e.m.c.i.embedder.EclipseLogger - Using 'UTF-8' encoding to copy filtered resources.
2020-02-20 11:55:21,358 [Worker-73: Building workspace] INFO  o.e.m.c.i.embedder.EclipseLogger - skip non existing resourceDirectory C:\Users\Ellen Rose\Desktop\Projects--FullStack\ControleDeDespesas\back-end\src\test\resources
2020-02-20 11:56:34,170 [Worker-54: Building workspace] INFO  o.e.m.c.i.embedder.EclipseLogger - Using 'UTF-8' encoding to copy filtered resources.
2020-02-20 11:56:34,170 [Worker-54: Building workspace] INFO  o.e.m.c.i.embedder.EclipseLogger - Copying 0 resource
2020-02-20 11:56:34,170 [Worker-54: Building workspace] INFO  o.e.m.c.i.embedder.EclipseLogger - Copying 0 resource
2020-02-20 11:56:34,170 [Worker-54: Building workspace] INFO  o.e.m.c.i.embedder.EclipseLogger - Using 'UTF-8' encoding to copy filtered resources.
2020-02-20 11:56:34,170 [Worker-54: Building workspace] INFO  o.e.m.c.i.embedder.EclipseLogger - skip non existing resourceDirectory C:\Users\Ellen Rose\Desktop\Projects--FullStack\ControleDeDespesas\back-end\src\test\resources
2020-02-20 12:07:15,902 [Worker-77: Building workspace] INFO  o.e.m.c.i.embedder.EclipseLogger - Using 'UTF-8' encoding to copy filtered resources.
2020-02-20 12:07:15,902 [Worker-77: Building workspace] INFO  o.e.m.c.i.embedder.EclipseLogger - Copying 0 resource
2020-02-20 12:07:15,902 [Worker-77: Building workspace] INFO  o.e.m.c.i.embedder.EclipseLogger - Copying 0 resource
2020-02-20 12:07:15,902 [Worker-77: Building workspace] INFO  o.e.m.c.i.embedder.EclipseLogger - Using 'UTF-8' encoding to copy filtered resources.
2020-02-20 12:07:15,902 [Worker-77: Building workspace] INFO  o.e.m.c.i.embedder.EclipseLogger - skip non existing resourceDirectory C:\Users\Ellen Rose\Desktop\Projects--FullStack\ControleDeDespesas\back-end\src\test\resources
2020-02-20 12:08:30,254 [Worker-81: Launching ApplicationTests.showExpenseForCategory] INFO  o.e.m.c.i.embedder.EclipseLogger - Using 'UTF-8' encoding to copy filtered resources.
2020-02-20 12:08:30,269 [Worker-81: Launching ApplicationTests.showExpenseForCategory] INFO  o.e.m.c.i.embedder.EclipseLogger - Copying 0 resource
2020-02-20 12:08:30,269 [Worker-81: Launching ApplicationTests.showExpenseForCategory] INFO  o.e.m.c.i.embedder.EclipseLogger - Copying 0 resource
2020-02-20 12:08:30,285 [Worker-81: Launching ApplicationTests.showExpenseForCategory] INFO  o.e.m.c.i.embedder.EclipseLogger - Using 'UTF-8' encoding to copy filtered resources.
2020-02-20 12:08:30,285 [Worker-81: Launching ApplicationTests.showExpenseForCategory] INFO  o.e.m.c.i.embedder.EclipseLogger - skip non existing resourceDirectory C:\Users\Ellen Rose\Desktop\Projects--FullStack\ControleDeDespesas\back-end\src\test\resources
2020-02-20 12:09:33,904 [Worker-79: Building workspace] INFO  o.e.m.c.i.embedder.EclipseLogger - Using 'UTF-8' encoding to copy filtered resources.
2020-02-20 12:09:33,904 [Worker-79: Building workspace] INFO  o.e.m.c.i.embedder.EclipseLogger - Copying 0 resource
2020-02-20 12:09:33,904 [Worker-79: Building workspace] INFO  o.e.m.c.i.embedder.EclipseLogger - Copying 0 resource
2020-02-20 12:09:33,904 [Worker-79: Building workspace] INFO  o.e.m.c.i.embedder.EclipseLogger - Using 'UTF-8' encoding to copy filtered resources.
2020-02-20 12:09:33,904 [Worker-79: Building workspace] INFO  o.e.m.c.i.embedder.EclipseLogger - skip non existing resourceDirectory C:\Users\Ellen Rose\Desktop\Projects--FullStack\ControleDeDespesas\back-end\src\test\resources
2020-02-20 12:15:02,798 [Worker-83: Launching ApplicationTests.showExpenseForCategory] INFO  o.e.m.c.i.embedder.EclipseLogger - Using 'UTF-8' encoding to copy filtered resources.
2020-02-20 12:15:02,798 [Worker-83: Launching ApplicationTests.showExpenseForCategory] INFO  o.e.m.c.i.embedder.EclipseLogger - Copying 0 resource
2020-02-20 12:15:02,798 [Worker-83: Launching ApplicationTests.showExpenseForCategory] INFO  o.e.m.c.i.embedder.EclipseLogger - Copying 0 resource
2020-02-20 12:15:02,798 [Worker-83: Launching ApplicationTests.showExpenseForCategory] INFO  o.e.m.c.i.embedder.EclipseLogger - Using 'UTF-8' encoding to copy filtered resources.
2020-02-20 12:15:02,798 [Worker-83: Launching ApplicationTests.showExpenseForCategory] INFO  o.e.m.c.i.embedder.EclipseLogger - skip non existing resourceDirectory C:\Users\Ellen Rose\Desktop\Projects--FullStack\ControleDeDespesas\back-end\src\test\resources
2020-02-20 12:17:18,325 [Worker-87: Building workspace] INFO  o.e.m.c.i.embedder.EclipseLogger - Using 'UTF-8' encoding to copy filtered resources.
2020-02-20 12:17:18,325 [Worker-87: Building workspace] INFO  o.e.m.c.i.embedder.EclipseLogger - Copying 0 resource
2020-02-20 12:17:18,325 [Worker-87: Building workspace] INFO  o.e.m.c.i.embedder.EclipseLogger - Copying 0 resource
2020-02-20 12:17:18,325 [Worker-87: Building workspace] INFO  o.e.m.c.i.embedder.EclipseLogger - Using 'UTF-8' encoding to copy filtered resources.
2020-02-20 12:17:18,325 [Worker-87: Building workspace] INFO  o.e.m.c.i.embedder.EclipseLogger - skip non existing resourceDirectory C:\Users\Ellen Rose\Desktop\Projects--FullStack\ControleDeDespesas\back-end\src\test\resources
2020-02-20 12:24:46,652 [Worker-89: Building workspace] INFO  o.e.m.c.i.embedder.EclipseLogger - Using 'UTF-8' encoding to copy filtered resources.
2020-02-20 12:24:46,652 [Worker-89: Building workspace] INFO  o.e.m.c.i.embedder.EclipseLogger - Copying 0 resource
2020-02-20 12:24:46,652 [Worker-89: Building workspace] INFO  o.e.m.c.i.embedder.EclipseLogger - Copying 0 resource
2020-02-20 12:24:46,652 [Worker-89: Building workspace] INFO  o.e.m.c.i.embedder.EclipseLogger - Using 'UTF-8' encoding to copy filtered resources.
2020-02-20 12:24:46,652 [Worker-89: Building workspace] INFO  o.e.m.c.i.embedder.EclipseLogger - skip non existing resourceDirectory C:\Users\Ellen Rose\Desktop\Projects--FullStack\ControleDeDespesas\back-end\src\test\resources
2020-02-20 12:28:45,980 [Worker-93: Building workspace] INFO  o.e.m.c.i.embedder.EclipseLogger - Using 'UTF-8' encoding to copy filtered resources.
2020-02-20 12:28:45,980 [Worker-93: Building workspace] INFO  o.e.m.c.i.embedder.EclipseLogger - Copying 0 resource
2020-02-20 12:28:45,980 [Worker-93: Building workspace] INFO  o.e.m.c.i.embedder.EclipseLogger - Copying 0 resource
2020-02-20 12:28:45,980 [Worker-93: Building workspace] INFO  o.e.m.c.i.embedder.EclipseLogger - Using 'UTF-8' encoding to copy filtered resources.
2020-02-20 12:28:45,980 [Worker-93: Building workspace] INFO  o.e.m.c.i.embedder.EclipseLogger - skip non existing resourceDirectory C:\Users\Ellen Rose\Desktop\Projects--FullStack\ControleDeDespesas\back-end\src\test\resources
2020-02-20 12:29:58,308 [Worker-95: Building workspace] INFO  o.e.m.c.i.embedder.EclipseLogger - Using 'UTF-8' encoding to copy filtered resources.
2020-02-20 12:29:58,308 [Worker-95: Building workspace] INFO  o.e.m.c.i.embedder.EclipseLogger - Copying 0 resource
2020-02-20 12:29:58,308 [Worker-95: Building workspace] INFO  o.e.m.c.i.embedder.EclipseLogger - Copying 0 resource
2020-02-20 12:29:58,308 [Worker-95: Building workspace] INFO  o.e.m.c.i.embedder.EclipseLogger - Using 'UTF-8' encoding to copy filtered resources.
2020-02-20 12:29:58,308 [Worker-95: Building workspace] INFO  o.e.m.c.i.embedder.EclipseLogger - skip non existing resourceDirectory C:\Users\Ellen Rose\Desktop\Projects--FullStack\ControleDeDespesas\back-end\src\test\resources
2020-02-20 12:30:09,811 [Worker-87: Building workspace] INFO  o.e.m.c.i.embedder.EclipseLogger - Using 'UTF-8' encoding to copy filtered resources.
2020-02-20 12:30:09,811 [Worker-87: Building workspace] INFO  o.e.m.c.i.embedder.EclipseLogger - Copying 0 resource
2020-02-20 12:30:09,811 [Worker-87: Building workspace] INFO  o.e.m.c.i.embedder.EclipseLogger - Copying 0 resource
2020-02-20 12:30:09,811 [Worker-87: Building workspace] INFO  o.e.m.c.i.embedder.EclipseLogger - Using 'UTF-8' encoding to copy filtered resources.
2020-02-20 12:30:09,811 [Worker-87: Building workspace] INFO  o.e.m.c.i.embedder.EclipseLogger - skip non existing resourceDirectory C:\Users\Ellen Rose\Desktop\Projects--FullStack\ControleDeDespesas\back-end\src\test\resources
2020-02-20 12:31:06,230 [Worker-93: Building workspace] INFO  o.e.m.c.i.embedder.EclipseLogger - Using 'UTF-8' encoding to copy filtered resources.
2020-02-20 12:31:06,230 [Worker-93: Building workspace] INFO  o.e.m.c.i.embedder.EclipseLogger - Copying 0 resource
2020-02-20 12:31:06,230 [Worker-93: Building workspace] INFO  o.e.m.c.i.embedder.EclipseLogger - Copying 0 resource
2020-02-20 12:31:06,246 [Worker-93: Building workspace] INFO  o.e.m.c.i.embedder.EclipseLogger - Using 'UTF-8' encoding to copy filtered resources.
2020-02-20 12:31:06,246 [Worker-93: Building workspace] INFO  o.e.m.c.i.embedder.EclipseLogger - skip non existing resourceDirectory C:\Users\Ellen Rose\Desktop\Projects--FullStack\ControleDeDespesas\back-end\src\test\resources
2020-02-20 12:52:45,870 [Worker-111: Building workspace] INFO  o.e.m.c.i.embedder.EclipseLogger - Using 'UTF-8' encoding to copy filtered resources.
2020-02-20 12:52:45,870 [Worker-111: Building workspace] INFO  o.e.m.c.i.embedder.EclipseLogger - Copying 0 resource
2020-02-20 12:52:45,870 [Worker-111: Building workspace] INFO  o.e.m.c.i.embedder.EclipseLogger - Copying 0 resource
2020-02-20 12:52:45,870 [Worker-111: Building workspace] INFO  o.e.m.c.i.embedder.EclipseLogger - Using 'UTF-8' encoding to copy filtered resources.
2020-02-20 12:52:45,870 [Worker-111: Building workspace] INFO  o.e.m.c.i.embedder.EclipseLogger - skip non existing resourceDirectory C:\Users\Ellen Rose\Desktop\Projects--FullStack\ControleDeDespesas\back-end\src\test\resources
2020-02-20 12:52:51,047 [Worker-103: Building workspace] INFO  o.e.m.c.i.embedder.EclipseLogger - Using 'UTF-8' encoding to copy filtered resources.
2020-02-20 12:52:51,047 [Worker-103: Building workspace] INFO  o.e.m.c.i.embedder.EclipseLogger - Copying 0 resource
2020-02-20 12:52:51,047 [Worker-103: Building workspace] INFO  o.e.m.c.i.embedder.EclipseLogger - Copying 0 resource
2020-02-20 12:52:51,047 [Worker-103: Building workspace] INFO  o.e.m.c.i.embedder.EclipseLogger - Using 'UTF-8' encoding to copy filtered resources.
2020-02-20 12:52:51,047 [Worker-103: Building workspace] INFO  o.e.m.c.i.embedder.EclipseLogger - skip non existing resourceDirectory C:\Users\Ellen Rose\Desktop\Projects--FullStack\ControleDeDespesas\back-end\src\test\resources
2020-02-20 13:00:19,745 [Worker-119: Building workspace] INFO  o.e.m.c.i.embedder.EclipseLogger - Using 'UTF-8' encoding to copy filtered resources.
2020-02-20 13:00:19,745 [Worker-119: Building workspace] INFO  o.e.m.c.i.embedder.EclipseLogger - Copying 0 resource
2020-02-20 13:00:19,745 [Worker-119: Building workspace] INFO  o.e.m.c.i.embedder.EclipseLogger - Copying 0 resource
2020-02-20 13:00:19,745 [Worker-119: Building workspace] INFO  o.e.m.c.i.embedder.EclipseLogger - Using 'UTF-8' encoding to copy filtered resources.
2020-02-20 13:00:19,745 [Worker-119: Building workspace] INFO  o.e.m.c.i.embedder.EclipseLogger - skip non existing resourceDirectory C:\Users\Ellen Rose\Desktop\Projects--FullStack\ControleDeDespesas\back-end\src\test\resources
2020-02-20 13:02:56,355 [Worker-121: Building workspace] INFO  o.e.m.c.i.embedder.EclipseLogger - Using 'UTF-8' encoding to copy filtered resources.
2020-02-20 13:02:56,355 [Worker-121: Building workspace] INFO  o.e.m.c.i.embedder.EclipseLogger - Copying 0 resource
2020-02-20 13:02:56,355 [Worker-121: Building workspace] INFO  o.e.m.c.i.embedder.EclipseLogger - Copying 0 resource
2020-02-20 13:02:56,355 [Worker-121: Building workspace] INFO  o.e.m.c.i.embedder.EclipseLogger - Using 'UTF-8' encoding to copy filtered resources.
2020-02-20 13:02:56,355 [Worker-121: Building workspace] INFO  o.e.m.c.i.embedder.EclipseLogger - skip non existing resourceDirectory C:\Users\Ellen Rose\Desktop\Projects--FullStack\ControleDeDespesas\back-end\src\test\resources
2020-02-20 13:07:34,638 [Worker-123: Building workspace] INFO  o.e.m.c.i.embedder.EclipseLogger - Using 'UTF-8' encoding to copy filtered resources.
2020-02-20 13:07:34,638 [Worker-123: Building workspace] INFO  o.e.m.c.i.embedder.EclipseLogger - Copying 0 resource
2020-02-20 13:07:34,638 [Worker-123: Building workspace] INFO  o.e.m.c.i.embedder.EclipseLogger - Copying 0 resource
2020-02-20 13:07:34,654 [Worker-123: Building workspace] INFO  o.e.m.c.i.embedder.EclipseLogger - Using 'UTF-8' encoding to copy filtered resources.
2020-02-20 13:07:34,654 [Worker-123: Building workspace] INFO  o.e.m.c.i.embedder.EclipseLogger - skip non existing resourceDirectory C:\Users\Ellen Rose\Desktop\Projects--FullStack\ControleDeDespesas\back-end\src\test\resources
2020-02-20 13:17:13,338 [Worker-125: Building workspace] INFO  o.e.m.c.i.embedder.EclipseLogger - Using 'UTF-8' encoding to copy filtered resources.
2020-02-20 13:17:13,338 [Worker-125: Building workspace] INFO  o.e.m.c.i.embedder.EclipseLogger - Copying 0 resource
2020-02-20 13:17:13,338 [Worker-125: Building workspace] INFO  o.e.m.c.i.embedder.EclipseLogger - Copying 0 resource
2020-02-20 13:17:13,338 [Worker-125: Building workspace] INFO  o.e.m.c.i.embedder.EclipseLogger - Using 'UTF-8' encoding to copy filtered resources.
2020-02-20 13:17:13,338 [Worker-125: Building workspace] INFO  o.e.m.c.i.embedder.EclipseLogger - skip non existing resourceDirectory C:\Users\Ellen Rose\Desktop\Projects--FullStack\ControleDeDespesas\back-end\src\test\resources
2020-02-20 13:20:15,922 [Worker-128: Building workspace] INFO  o.e.m.c.i.embedder.EclipseLogger - Using 'UTF-8' encoding to copy filtered resources.
2020-02-20 13:20:15,922 [Worker-128: Building workspace] INFO  o.e.m.c.i.embedder.EclipseLogger - Copying 0 resource
2020-02-20 13:20:15,922 [Worker-128: Building workspace] INFO  o.e.m.c.i.embedder.EclipseLogger - Copying 0 resource
2020-02-20 13:20:15,938 [Worker-128: Building workspace] INFO  o.e.m.c.i.embedder.EclipseLogger - Using 'UTF-8' encoding to copy filtered resources.
2020-02-20 13:20:15,938 [Worker-128: Building workspace] INFO  o.e.m.c.i.embedder.EclipseLogger - skip non existing resourceDirectory C:\Users\Ellen Rose\Desktop\Projects--FullStack\ControleDeDespesas\back-end\src\test\resources
2020-02-20 13:20:48,370 [Worker-133: Building workspace] INFO  o.e.m.c.i.embedder.EclipseLogger - Using 'UTF-8' encoding to copy filtered resources.
2020-02-20 13:20:48,370 [Worker-133: Building workspace] INFO  o.e.m.c.i.embedder.EclipseLogger - Copying 0 resource
2020-02-20 13:20:48,370 [Worker-133: Building workspace] INFO  o.e.m.c.i.embedder.EclipseLogger - Copying 0 resource
2020-02-20 13:20:48,370 [Worker-133: Building workspace] INFO  o.e.m.c.i.embedder.EclipseLogger - Using 'UTF-8' encoding to copy filtered resources.
2020-02-20 13:20:48,370 [Worker-133: Building workspace] INFO  o.e.m.c.i.embedder.EclipseLogger - skip non existing resourceDirectory C:\Users\Ellen Rose\Desktop\Projects--FullStack\ControleDeDespesas\back-end\src\test\resources
2020-02-20 13:26:18,883 [Worker-133: Building workspace] INFO  o.e.m.c.i.embedder.EclipseLogger - Using 'UTF-8' encoding to copy filtered resources.
2020-02-20 13:26:18,930 [Worker-133: Building workspace] INFO  o.e.m.c.i.embedder.EclipseLogger - Copying 0 resource
2020-02-20 13:26:18,930 [Worker-133: Building workspace] INFO  o.e.m.c.i.embedder.EclipseLogger - Copying 0 resource
2020-02-20 13:26:18,930 [Worker-133: Building workspace] INFO  o.e.m.c.i.embedder.EclipseLogger - Using 'UTF-8' encoding to copy filtered resources.
2020-02-20 13:26:18,930 [Worker-133: Building workspace] INFO  o.e.m.c.i.embedder.EclipseLogger - skip non existing resourceDirectory C:\Users\Ellen Rose\Desktop\Projects--FullStack\ControleDeDespesas\back-end\src\test\resources
2020-02-20 13:26:52,949 [Worker-134: Building Workspace] INFO  o.e.m.c.i.embedder.EclipseLogger - Using 'UTF-8' encoding to copy filtered resources.
2020-02-20 13:26:52,964 [Worker-134: Building Workspace] INFO  o.e.m.c.i.embedder.EclipseLogger - Copying 1 resource
2020-02-20 13:26:52,980 [Worker-134: Building Workspace] INFO  o.e.m.c.i.embedder.EclipseLogger - Copying 0 resource
2020-02-20 13:26:52,980 [Worker-134: Building Workspace] INFO  o.e.m.c.i.embedder.EclipseLogger - Using 'UTF-8' encoding to copy filtered resources.
2020-02-20 13:26:52,980 [Worker-134: Building Workspace] INFO  o.e.m.c.i.embedder.EclipseLogger - skip non existing resourceDirectory C:\Users\Ellen Rose\Desktop\Projects--FullStack\ControleDeDespesas\back-end\src\test\resources
2020-02-20 13:27:17,031 [Worker-128: Building workspace] INFO  o.e.m.c.i.embedder.EclipseLogger - Using 'UTF-8' encoding to copy filtered resources.
2020-02-20 13:27:17,031 [Worker-128: Building workspace] INFO  o.e.m.c.i.embedder.EclipseLogger - Copying 1 resource
2020-02-20 13:27:17,047 [Worker-128: Building workspace] INFO  o.e.m.c.i.embedder.EclipseLogger - Copying 0 resource
2020-02-20 13:27:17,047 [Worker-128: Building workspace] INFO  o.e.m.c.i.embedder.EclipseLogger - Using 'UTF-8' encoding to copy filtered resources.
2020-02-20 13:27:17,047 [Worker-128: Building workspace] INFO  o.e.m.c.i.embedder.EclipseLogger - skip non existing resourceDirectory C:\Users\Ellen Rose\Desktop\Projects--FullStack\ControleDeDespesas\back-end\src\test\resources
2020-02-20 13:27:59,371 [Worker-137: Building workspace] INFO  o.e.m.c.i.embedder.EclipseLogger - Using 'UTF-8' encoding to copy filtered resources.
2020-02-20 13:27:59,371 [Worker-137: Building workspace] INFO  o.e.m.c.i.embedder.EclipseLogger - Copying 1 resource
2020-02-20 13:27:59,386 [Worker-137: Building workspace] INFO  o.e.m.c.i.embedder.EclipseLogger - Copying 0 resource
2020-02-20 13:27:59,386 [Worker-137: Building workspace] INFO  o.e.m.c.i.embedder.EclipseLogger - Using 'UTF-8' encoding to copy filtered resources.
2020-02-20 13:27:59,386 [Worker-137: Building workspace] INFO  o.e.m.c.i.embedder.EclipseLogger - skip non existing resourceDirectory C:\Users\Ellen Rose\Desktop\Projects--FullStack\ControleDeDespesas\back-end\src\test\resources
2020-02-20 13:28:18,064 [Worker-128: Building workspace] INFO  o.e.m.c.i.embedder.EclipseLogger - Using 'UTF-8' encoding to copy filtered resources.
2020-02-20 13:28:18,064 [Worker-128: Building workspace] INFO  o.e.m.c.i.embedder.EclipseLogger - Copying 1 resource
2020-02-20 13:28:18,095 [Worker-128: Building workspace] INFO  o.e.m.c.i.embedder.EclipseLogger - Copying 0 resource
2020-02-20 13:28:18,095 [Worker-128: Building workspace] INFO  o.e.m.c.i.embedder.EclipseLogger - Using 'UTF-8' encoding to copy filtered resources.
2020-02-20 13:28:18,095 [Worker-128: Building workspace] INFO  o.e.m.c.i.embedder.EclipseLogger - skip non existing resourceDirectory C:\Users\Ellen Rose\Desktop\Projects--FullStack\ControleDeDespesas\back-end\src\test\resources
2020-02-20 13:29:16,791 [Worker-14: Building workspace] INFO  o.e.m.c.i.embedder.EclipseLogger - Using 'UTF-8' encoding to copy filtered resources.
2020-02-20 13:29:16,791 [Worker-14: Building workspace] INFO  o.e.m.c.i.embedder.EclipseLogger - Copying 1 resource
2020-02-20 13:29:16,807 [Worker-14: Building workspace] INFO  o.e.m.c.i.embedder.EclipseLogger - Copying 0 resource
2020-02-20 13:29:16,807 [Worker-14: Building workspace] INFO  o.e.m.c.i.embedder.EclipseLogger - Using 'UTF-8' encoding to copy filtered resources.
2020-02-20 13:29:16,807 [Worker-14: Building workspace] INFO  o.e.m.c.i.embedder.EclipseLogger - skip non existing resourceDirectory C:\Users\Ellen Rose\Desktop\Projects--FullStack\ControleDeDespesas\back-end\src\test\resources
2020-02-20 13:29:26,684 [Worker-136: Building workspace] INFO  o.e.m.c.i.embedder.EclipseLogger - Using 'UTF-8' encoding to copy filtered resources.
2020-02-20 13:29:26,684 [Worker-136: Building workspace] INFO  o.e.m.c.i.embedder.EclipseLogger - Copying 1 resource
2020-02-20 13:29:26,684 [Worker-136: Building workspace] INFO  o.e.m.c.i.embedder.EclipseLogger - Copying 0 resource
2020-02-20 13:29:26,699 [Worker-136: Building workspace] INFO  o.e.m.c.i.embedder.EclipseLogger - Using 'UTF-8' encoding to copy filtered resources.
2020-02-20 13:29:26,699 [Worker-136: Building workspace] INFO  o.e.m.c.i.embedder.EclipseLogger - skip non existing resourceDirectory C:\Users\Ellen Rose\Desktop\Projects--FullStack\ControleDeDespesas\back-end\src\test\resources
2020-02-20 13:34:08,574 [Worker-141: Building workspace] INFO  o.e.m.c.i.embedder.EclipseLogger - Using 'UTF-8' encoding to copy filtered resources.
2020-02-20 13:34:08,574 [Worker-141: Building workspace] INFO  o.e.m.c.i.embedder.EclipseLogger - Copying 0 resource
2020-02-20 13:34:08,574 [Worker-141: Building workspace] INFO  o.e.m.c.i.embedder.EclipseLogger - Copying 0 resource
2020-02-20 13:34:08,574 [Worker-141: Building workspace] INFO  o.e.m.c.i.embedder.EclipseLogger - Using 'UTF-8' encoding to copy filtered resources.
2020-02-20 13:34:08,574 [Worker-141: Building workspace] INFO  o.e.m.c.i.embedder.EclipseLogger - skip non existing resourceDirectory C:\Users\Ellen Rose\Desktop\Projects--FullStack\ControleDeDespesas\back-end\src\test\resources
2020-02-20 13:35:07,531 [Worker-131: Building workspace] INFO  o.e.m.c.i.embedder.EclipseLogger - Using 'UTF-8' encoding to copy filtered resources.
2020-02-20 13:35:07,531 [Worker-131: Building workspace] INFO  o.e.m.c.i.embedder.EclipseLogger - Copying 0 resource
2020-02-20 13:35:07,531 [Worker-131: Building workspace] INFO  o.e.m.c.i.embedder.EclipseLogger - Copying 0 resource
2020-02-20 13:35:07,531 [Worker-131: Building workspace] INFO  o.e.m.c.i.embedder.EclipseLogger - Using 'UTF-8' encoding to copy filtered resources.
2020-02-20 13:35:07,531 [Worker-131: Building workspace] INFO  o.e.m.c.i.embedder.EclipseLogger - skip non existing resourceDirectory C:\Users\Ellen Rose\Desktop\Projects--FullStack\ControleDeDespesas\back-end\src\test\resources
2020-02-20 13:37:48,807 [Worker-145: Building workspace] INFO  o.e.m.c.i.embedder.EclipseLogger - Using 'UTF-8' encoding to copy filtered resources.
2020-02-20 13:37:48,807 [Worker-145: Building workspace] INFO  o.e.m.c.i.embedder.EclipseLogger - Copying 0 resource
2020-02-20 13:37:48,807 [Worker-145: Building workspace] INFO  o.e.m.c.i.embedder.EclipseLogger - Copying 0 resource
2020-02-20 13:37:48,807 [Worker-145: Building workspace] INFO  o.e.m.c.i.embedder.EclipseLogger - Using 'UTF-8' encoding to copy filtered resources.
2020-02-20 13:37:48,807 [Worker-145: Building workspace] INFO  o.e.m.c.i.embedder.EclipseLogger - skip non existing resourceDirectory C:\Users\Ellen Rose\Desktop\Projects--FullStack\ControleDeDespesas\back-end\src\test\resources
2020-02-20 13:39:32,917 [Worker-145: Building workspace] INFO  o.e.m.c.i.embedder.EclipseLogger - Using 'UTF-8' encoding to copy filtered resources.
2020-02-20 13:39:32,917 [Worker-145: Building workspace] INFO  o.e.m.c.i.embedder.EclipseLogger - Copying 1 resource
2020-02-20 13:39:32,932 [Worker-145: Building workspace] INFO  o.e.m.c.i.embedder.EclipseLogger - Copying 0 resource
2020-02-20 13:39:32,932 [Worker-145: Building workspace] INFO  o.e.m.c.i.embedder.EclipseLogger - Using 'UTF-8' encoding to copy filtered resources.
2020-02-20 13:39:32,932 [Worker-145: Building workspace] INFO  o.e.m.c.i.embedder.EclipseLogger - skip non existing resourceDirectory C:\Users\Ellen Rose\Desktop\Projects--FullStack\ControleDeDespesas\back-end\src\test\resources
2020-02-20 14:55:27,580 [Worker-145: Building workspace] INFO  o.e.m.c.i.embedder.EclipseLogger - Using 'UTF-8' encoding to copy filtered resources.
2020-02-20 14:55:27,580 [Worker-145: Building workspace] INFO  o.e.m.c.i.embedder.EclipseLogger - Copying 1 resource
2020-02-20 14:55:27,626 [Worker-145: Building workspace] INFO  o.e.m.c.i.embedder.EclipseLogger - Copying 0 resource
2020-02-20 14:55:27,626 [Worker-145: Building workspace] INFO  o.e.m.c.i.embedder.EclipseLogger - Using 'UTF-8' encoding to copy filtered resources.
2020-02-20 14:55:27,626 [Worker-145: Building workspace] INFO  o.e.m.c.i.embedder.EclipseLogger - skip non existing resourceDirectory C:\Users\Ellen Rose\Desktop\Projects--FullStack\ControleDeDespesas\back-end\src\test\resources
2020-02-20 15:04:57,012 [Worker-151: Building workspace] INFO  o.e.m.c.i.embedder.EclipseLogger - Using 'UTF-8' encoding to copy filtered resources.
2020-02-20 15:04:57,012 [Worker-151: Building workspace] INFO  o.e.m.c.i.embedder.EclipseLogger - Copying 1 resource
2020-02-20 15:04:57,012 [Worker-151: Building workspace] INFO  o.e.m.c.i.embedder.EclipseLogger - Copying 0 resource
2020-02-20 15:04:57,012 [Worker-151: Building workspace] INFO  o.e.m.c.i.embedder.EclipseLogger - Using 'UTF-8' encoding to copy filtered resources.
2020-02-20 15:04:57,012 [Worker-151: Building workspace] INFO  o.e.m.c.i.embedder.EclipseLogger - skip non existing resourceDirectory C:\Users\Ellen Rose\Desktop\Projects--FullStack\ControleDeDespesas\back-end\src\test\resources
2020-02-20 15:10:18,151 [Worker-151: Building workspace] INFO  o.e.m.c.i.embedder.EclipseLogger - Using 'UTF-8' encoding to copy filtered resources.
2020-02-20 15:10:18,167 [Worker-151: Building workspace] INFO  o.e.m.c.i.embedder.EclipseLogger - Copying 1 resource
2020-02-20 15:10:18,167 [Worker-151: Building workspace] INFO  o.e.m.c.i.embedder.EclipseLogger - Copying 0 resource
2020-02-20 15:10:18,167 [Worker-151: Building workspace] INFO  o.e.m.c.i.embedder.EclipseLogger - Using 'UTF-8' encoding to copy filtered resources.
2020-02-20 15:10:18,167 [Worker-151: Building workspace] INFO  o.e.m.c.i.embedder.EclipseLogger - skip non existing resourceDirectory C:\Users\Ellen Rose\Desktop\Projects--FullStack\ControleDeDespesas\back-end\src\test\resources
2020-02-20 15:11:33,903 [Worker-161: Building workspace] INFO  o.e.m.c.i.embedder.EclipseLogger - Using 'UTF-8' encoding to copy filtered resources.
2020-02-20 15:11:33,903 [Worker-161: Building workspace] INFO  o.e.m.c.i.embedder.EclipseLogger - Copying 1 resource
2020-02-20 15:11:33,903 [Worker-161: Building workspace] INFO  o.e.m.c.i.embedder.EclipseLogger - Copying 0 resource
2020-02-20 15:11:33,903 [Worker-161: Building workspace] INFO  o.e.m.c.i.embedder.EclipseLogger - Using 'UTF-8' encoding to copy filtered resources.
2020-02-20 15:11:33,918 [Worker-161: Building workspace] INFO  o.e.m.c.i.embedder.EclipseLogger - skip non existing resourceDirectory C:\Users\Ellen Rose\Desktop\Projects--FullStack\ControleDeDespesas\back-end\src\test\resources
2020-02-20 15:12:08,502 [Worker-164: Building workspace] INFO  o.e.m.c.i.embedder.EclipseLogger - Using 'UTF-8' encoding to copy filtered resources.
2020-02-20 15:12:08,502 [Worker-164: Building workspace] INFO  o.e.m.c.i.embedder.EclipseLogger - Copying 1 resource
2020-02-20 15:12:08,518 [Worker-164: Building workspace] INFO  o.e.m.c.i.embedder.EclipseLogger - Copying 0 resource
2020-02-20 15:12:08,518 [Worker-164: Building workspace] INFO  o.e.m.c.i.embedder.EclipseLogger - Using 'UTF-8' encoding to copy filtered resources.
2020-02-20 15:12:08,518 [Worker-164: Building workspace] INFO  o.e.m.c.i.embedder.EclipseLogger - skip non existing resourceDirectory C:\Users\Ellen Rose\Desktop\Projects--FullStack\ControleDeDespesas\back-end\src\test\resources
2020-02-20 15:12:26,064 [Worker-161: Building workspace] INFO  o.e.m.c.i.embedder.EclipseLogger - Using 'UTF-8' encoding to copy filtered resources.
2020-02-20 15:12:26,064 [Worker-161: Building workspace] INFO  o.e.m.c.i.embedder.EclipseLogger - Copying 1 resource
2020-02-20 15:12:26,064 [Worker-161: Building workspace] INFO  o.e.m.c.i.embedder.EclipseLogger - Copying 0 resource
2020-02-20 15:12:26,064 [Worker-161: Building workspace] INFO  o.e.m.c.i.embedder.EclipseLogger - Using 'UTF-8' encoding to copy filtered resources.
2020-02-20 15:12:26,080 [Worker-161: Building workspace] INFO  o.e.m.c.i.embedder.EclipseLogger - skip non existing resourceDirectory C:\Users\Ellen Rose\Desktop\Projects--FullStack\ControleDeDespesas\back-end\src\test\resources
2020-02-20 15:17:15,529 [Worker-165: Building workspace] INFO  o.e.m.c.i.embedder.EclipseLogger - Using 'UTF-8' encoding to copy filtered resources.
2020-02-20 15:17:15,529 [Worker-165: Building workspace] INFO  o.e.m.c.i.embedder.EclipseLogger - Copying 1 resource
2020-02-20 15:17:15,545 [Worker-165: Building workspace] INFO  o.e.m.c.i.embedder.EclipseLogger - Copying 0 resource
2020-02-20 15:17:15,545 [Worker-165: Building workspace] INFO  o.e.m.c.i.embedder.EclipseLogger - Using 'UTF-8' encoding to copy filtered resources.
2020-02-20 15:17:15,545 [Worker-165: Building workspace] INFO  o.e.m.c.i.embedder.EclipseLogger - skip non existing resourceDirectory C:\Users\Ellen Rose\Desktop\Projects--FullStack\ControleDeDespesas\back-end\src\test\resources
2020-02-20 15:17:34,199 [Worker-157: Building workspace] INFO  o.e.m.c.i.embedder.EclipseLogger - Using 'UTF-8' encoding to copy filtered resources.
2020-02-20 15:17:34,199 [Worker-157: Building workspace] INFO  o.e.m.c.i.embedder.EclipseLogger - Copying 1 resource
2020-02-20 15:17:34,215 [Worker-157: Building workspace] INFO  o.e.m.c.i.embedder.EclipseLogger - Copying 0 resource
2020-02-20 15:17:34,215 [Worker-157: Building workspace] INFO  o.e.m.c.i.embedder.EclipseLogger - Using 'UTF-8' encoding to copy filtered resources.
2020-02-20 15:17:34,215 [Worker-157: Building workspace] INFO  o.e.m.c.i.embedder.EclipseLogger - skip non existing resourceDirectory C:\Users\Ellen Rose\Desktop\Projects--FullStack\ControleDeDespesas\back-end\src\test\resources
2020-02-20 15:17:38,245 [Worker-151: Building workspace] INFO  o.e.m.c.i.embedder.EclipseLogger - Using 'UTF-8' encoding to copy filtered resources.
2020-02-20 15:17:38,245 [Worker-151: Building workspace] INFO  o.e.m.c.i.embedder.EclipseLogger - Copying 1 resource
2020-02-20 15:17:38,245 [Worker-151: Building workspace] INFO  o.e.m.c.i.embedder.EclipseLogger - Copying 0 resource
2020-02-20 15:17:38,245 [Worker-151: Building workspace] INFO  o.e.m.c.i.embedder.EclipseLogger - Using 'UTF-8' encoding to copy filtered resources.
2020-02-20 15:17:38,245 [Worker-151: Building workspace] INFO  o.e.m.c.i.embedder.EclipseLogger - skip non existing resourceDirectory C:\Users\Ellen Rose\Desktop\Projects--FullStack\ControleDeDespesas\back-end\src\test\resources
2020-02-20 15:18:46,245 [Worker-151: Building workspace] INFO  o.e.m.c.i.embedder.EclipseLogger - Using 'UTF-8' encoding to copy filtered resources.
2020-02-20 15:18:46,245 [Worker-151: Building workspace] INFO  o.e.m.c.i.embedder.EclipseLogger - Copying 1 resource
2020-02-20 15:18:46,245 [Worker-151: Building workspace] INFO  o.e.m.c.i.embedder.EclipseLogger - Copying 0 resource
2020-02-20 15:18:46,245 [Worker-151: Building workspace] INFO  o.e.m.c.i.embedder.EclipseLogger - Using 'UTF-8' encoding to copy filtered resources.
2020-02-20 15:18:46,245 [Worker-151: Building workspace] INFO  o.e.m.c.i.embedder.EclipseLogger - skip non existing resourceDirectory C:\Users\Ellen Rose\Desktop\Projects--FullStack\ControleDeDespesas\back-end\src\test\resources
2020-02-20 15:21:12,432 [Worker-168: Building workspace] INFO  o.e.m.c.i.embedder.EclipseLogger - Using 'UTF-8' encoding to copy filtered resources.
2020-02-20 15:21:12,432 [Worker-168: Building workspace] INFO  o.e.m.c.i.embedder.EclipseLogger - Copying 1 resource
2020-02-20 15:21:12,432 [Worker-168: Building workspace] INFO  o.e.m.c.i.embedder.EclipseLogger - Copying 0 resource
2020-02-20 15:21:12,448 [Worker-168: Building workspace] INFO  o.e.m.c.i.embedder.EclipseLogger - Using 'UTF-8' encoding to copy filtered resources.
2020-02-20 15:21:12,448 [Worker-168: Building workspace] INFO  o.e.m.c.i.embedder.EclipseLogger - skip non existing resourceDirectory C:\Users\Ellen Rose\Desktop\Projects--FullStack\ControleDeDespesas\back-end\src\test\resources
2020-02-20 15:21:50,980 [Worker-169: Building workspace] INFO  o.e.m.c.i.embedder.EclipseLogger - Using 'UTF-8' encoding to copy filtered resources.
2020-02-20 15:21:50,980 [Worker-169: Building workspace] INFO  o.e.m.c.i.embedder.EclipseLogger - Copying 1 resource
2020-02-20 15:21:50,980 [Worker-169: Building workspace] INFO  o.e.m.c.i.embedder.EclipseLogger - Copying 0 resource
2020-02-20 15:21:50,996 [Worker-169: Building workspace] INFO  o.e.m.c.i.embedder.EclipseLogger - Using 'UTF-8' encoding to copy filtered resources.
2020-02-20 15:21:50,996 [Worker-169: Building workspace] INFO  o.e.m.c.i.embedder.EclipseLogger - skip non existing resourceDirectory C:\Users\Ellen Rose\Desktop\Projects--FullStack\ControleDeDespesas\back-end\src\test\resources
2020-02-20 15:22:06,323 [Worker-164: Building workspace] INFO  o.e.m.c.i.embedder.EclipseLogger - Using 'UTF-8' encoding to copy filtered resources.
2020-02-20 15:22:06,339 [Worker-164: Building workspace] INFO  o.e.m.c.i.embedder.EclipseLogger - Copying 1 resource
2020-02-20 15:22:06,339 [Worker-164: Building workspace] INFO  o.e.m.c.i.embedder.EclipseLogger - Copying 0 resource
2020-02-20 15:22:06,339 [Worker-164: Building workspace] INFO  o.e.m.c.i.embedder.EclipseLogger - Using 'UTF-8' encoding to copy filtered resources.
2020-02-20 15:22:06,339 [Worker-164: Building workspace] INFO  o.e.m.c.i.embedder.EclipseLogger - skip non existing resourceDirectory C:\Users\Ellen Rose\Desktop\Projects--FullStack\ControleDeDespesas\back-end\src\test\resources
2020-02-20 15:22:42,183 [Worker-170: Building workspace] INFO  o.e.m.c.i.embedder.EclipseLogger - Using 'UTF-8' encoding to copy filtered resources.
2020-02-20 15:22:42,183 [Worker-170: Building workspace] INFO  o.e.m.c.i.embedder.EclipseLogger - Copying 1 resource
2020-02-20 15:22:42,198 [Worker-170: Building workspace] INFO  o.e.m.c.i.embedder.EclipseLogger - Copying 0 resource
2020-02-20 15:22:42,198 [Worker-170: Building workspace] INFO  o.e.m.c.i.embedder.EclipseLogger - Using 'UTF-8' encoding to copy filtered resources.
2020-02-20 15:22:42,198 [Worker-170: Building workspace] INFO  o.e.m.c.i.embedder.EclipseLogger - skip non existing resourceDirectory C:\Users\Ellen Rose\Desktop\Projects--FullStack\ControleDeDespesas\back-end\src\test\resources
2020-02-20 15:22:51,651 [Worker-167: Building workspace] INFO  o.e.m.c.i.embedder.EclipseLogger - Using 'UTF-8' encoding to copy filtered resources.
2020-02-20 15:22:51,651 [Worker-167: Building workspace] INFO  o.e.m.c.i.embedder.EclipseLogger - Copying 1 resource
2020-02-20 15:22:51,667 [Worker-167: Building workspace] INFO  o.e.m.c.i.embedder.EclipseLogger - Copying 0 resource
2020-02-20 15:22:51,667 [Worker-167: Building workspace] INFO  o.e.m.c.i.embedder.EclipseLogger - Using 'UTF-8' encoding to copy filtered resources.
2020-02-20 15:22:51,667 [Worker-167: Building workspace] INFO  o.e.m.c.i.embedder.EclipseLogger - skip non existing resourceDirectory C:\Users\Ellen Rose\Desktop\Projects--FullStack\ControleDeDespesas\back-end\src\test\resources
2020-02-20 15:22:54,932 [Worker-165: Building workspace] INFO  o.e.m.c.i.embedder.EclipseLogger - Using 'UTF-8' encoding to copy filtered resources.
2020-02-20 15:22:54,932 [Worker-165: Building workspace] INFO  o.e.m.c.i.embedder.EclipseLogger - Copying 1 resource
2020-02-20 15:22:54,932 [Worker-165: Building workspace] INFO  o.e.m.c.i.embedder.EclipseLogger - Copying 0 resource
2020-02-20 15:22:54,932 [Worker-165: Building workspace] INFO  o.e.m.c.i.embedder.EclipseLogger - Using 'UTF-8' encoding to copy filtered resources.
2020-02-20 15:22:54,932 [Worker-165: Building workspace] INFO  o.e.m.c.i.embedder.EclipseLogger - skip non existing resourceDirectory C:\Users\Ellen Rose\Desktop\Projects--FullStack\ControleDeDespesas\back-end\src\test\resources
2020-02-20 15:23:10,479 [Worker-164: Building workspace] INFO  o.e.m.c.i.embedder.EclipseLogger - Using 'UTF-8' encoding to copy filtered resources.
2020-02-20 15:23:10,479 [Worker-164: Building workspace] INFO  o.e.m.c.i.embedder.EclipseLogger - Copying 1 resource
2020-02-20 15:23:10,495 [Worker-164: Building workspace] INFO  o.e.m.c.i.embedder.EclipseLogger - Copying 0 resource
2020-02-20 15:23:10,495 [Worker-164: Building workspace] INFO  o.e.m.c.i.embedder.EclipseLogger - Using 'UTF-8' encoding to copy filtered resources.
2020-02-20 15:23:10,495 [Worker-164: Building workspace] INFO  o.e.m.c.i.embedder.EclipseLogger - skip non existing resourceDirectory C:\Users\Ellen Rose\Desktop\Projects--FullStack\ControleDeDespesas\back-end\src\test\resources
2020-02-20 15:23:24,870 [Worker-168: Building workspace] INFO  o.e.m.c.i.embedder.EclipseLogger - Using 'UTF-8' encoding to copy filtered resources.
2020-02-20 15:23:24,870 [Worker-168: Building workspace] INFO  o.e.m.c.i.embedder.EclipseLogger - Copying 1 resource
2020-02-20 15:23:24,870 [Worker-168: Building workspace] INFO  o.e.m.c.i.embedder.EclipseLogger - Copying 0 resource
2020-02-20 15:23:24,886 [Worker-168: Building workspace] INFO  o.e.m.c.i.embedder.EclipseLogger - Using 'UTF-8' encoding to copy filtered resources.
2020-02-20 15:23:24,886 [Worker-168: Building workspace] INFO  o.e.m.c.i.embedder.EclipseLogger - skip non existing resourceDirectory C:\Users\Ellen Rose\Desktop\Projects--FullStack\ControleDeDespesas\back-end\src\test\resources
2020-02-20 15:23:38,010 [Worker-168: Building workspace] INFO  o.e.m.c.i.embedder.EclipseLogger - Using 'UTF-8' encoding to copy filtered resources.
2020-02-20 15:23:38,010 [Worker-168: Building workspace] INFO  o.e.m.c.i.embedder.EclipseLogger - Copying 1 resource
2020-02-20 15:23:38,026 [Worker-168: Building workspace] INFO  o.e.m.c.i.embedder.EclipseLogger - Copying 0 resource
2020-02-20 15:23:38,026 [Worker-168: Building workspace] INFO  o.e.m.c.i.embedder.EclipseLogger - Using 'UTF-8' encoding to copy filtered resources.
2020-02-20 15:23:38,026 [Worker-168: Building workspace] INFO  o.e.m.c.i.embedder.EclipseLogger - skip non existing resourceDirectory C:\Users\Ellen Rose\Desktop\Projects--FullStack\ControleDeDespesas\back-end\src\test\resources
2020-02-20 15:23:49,574 [Worker-167: Building workspace] INFO  o.e.m.c.i.embedder.EclipseLogger - Using 'UTF-8' encoding to copy filtered resources.
2020-02-20 15:23:49,574 [Worker-167: Building workspace] INFO  o.e.m.c.i.embedder.EclipseLogger - Copying 1 resource
2020-02-20 15:23:49,589 [Worker-167: Building workspace] INFO  o.e.m.c.i.embedder.EclipseLogger - Copying 0 resource
2020-02-20 15:23:49,589 [Worker-167: Building workspace] INFO  o.e.m.c.i.embedder.EclipseLogger - Using 'UTF-8' encoding to copy filtered resources.
2020-02-20 15:23:49,589 [Worker-167: Building workspace] INFO  o.e.m.c.i.embedder.EclipseLogger - skip non existing resourceDirectory C:\Users\Ellen Rose\Desktop\Projects--FullStack\ControleDeDespesas\back-end\src\test\resources
2020-02-20 15:27:44,636 [Worker-172: Building workspace] INFO  o.e.m.c.i.embedder.EclipseLogger - Using 'UTF-8' encoding to copy filtered resources.
2020-02-20 15:27:44,636 [Worker-172: Building workspace] INFO  o.e.m.c.i.embedder.EclipseLogger - Copying 1 resource
2020-02-20 15:27:44,651 [Worker-172: Building workspace] INFO  o.e.m.c.i.embedder.EclipseLogger - Copying 0 resource
2020-02-20 15:27:44,651 [Worker-172: Building workspace] INFO  o.e.m.c.i.embedder.EclipseLogger - Using 'UTF-8' encoding to copy filtered resources.
2020-02-20 15:27:44,651 [Worker-172: Building workspace] INFO  o.e.m.c.i.embedder.EclipseLogger - skip non existing resourceDirectory C:\Users\Ellen Rose\Desktop\Projects--FullStack\ControleDeDespesas\back-end\src\test\resources
2020-02-20 15:35:14,133 [Worker-169: Building workspace] INFO  o.e.m.c.i.embedder.EclipseLogger - Using 'UTF-8' encoding to copy filtered resources.
2020-02-20 15:35:14,137 [Worker-169: Building workspace] INFO  o.e.m.c.i.embedder.EclipseLogger - Copying 1 resource
2020-02-20 15:35:14,138 [Worker-169: Building workspace] INFO  o.e.m.c.i.embedder.EclipseLogger - Copying 0 resource
2020-02-20 15:35:14,138 [Worker-169: Building workspace] INFO  o.e.m.c.i.embedder.EclipseLogger - Using 'UTF-8' encoding to copy filtered resources.
2020-02-20 15:35:14,138 [Worker-169: Building workspace] INFO  o.e.m.c.i.embedder.EclipseLogger - skip non existing resourceDirectory C:\Users\Ellen Rose\Desktop\Projects--FullStack\ControleDeDespesas\back-end\src\test\resources
2020-02-20 16:04:30,511 [Worker-194: Building workspace] INFO  o.e.m.c.i.embedder.EclipseLogger - Using 'UTF-8' encoding to copy filtered resources.
2020-02-20 16:04:30,527 [Worker-194: Building workspace] INFO  o.e.m.c.i.embedder.EclipseLogger - Copying 1 resource
2020-02-20 16:04:30,527 [Worker-194: Building workspace] INFO  o.e.m.c.i.embedder.EclipseLogger - Copying 0 resource
2020-02-20 16:04:30,543 [Worker-194: Building workspace] INFO  o.e.m.c.i.embedder.EclipseLogger - Using 'UTF-8' encoding to copy filtered resources.
2020-02-20 16:04:30,543 [Worker-194: Building workspace] INFO  o.e.m.c.i.embedder.EclipseLogger - skip non existing resourceDirectory C:\Users\Ellen Rose\Desktop\Projects--FullStack\ControleDeDespesas\back-end\src\test\resources
2020-02-20 16:16:19,417 [Worker-186: Building workspace] INFO  o.e.m.c.i.embedder.EclipseLogger - Using 'UTF-8' encoding to copy filtered resources.
2020-02-20 16:16:19,424 [Worker-186: Building workspace] INFO  o.e.m.c.i.embedder.EclipseLogger - Copying 1 resource
2020-02-20 16:16:19,428 [Worker-186: Building workspace] INFO  o.e.m.c.i.embedder.EclipseLogger - Copying 0 resource
2020-02-20 16:16:19,428 [Worker-186: Building workspace] INFO  o.e.m.c.i.embedder.EclipseLogger - Using 'UTF-8' encoding to copy filtered resources.
2020-02-20 16:16:19,428 [Worker-186: Building workspace] INFO  o.e.m.c.i.embedder.EclipseLogger - skip non existing resourceDirectory C:\Users\Ellen Rose\Desktop\Projects--FullStack\ControleDeDespesas\back-end\src\test\resources
2020-02-20 16:20:22,561 [Worker-201: Building workspace] INFO  o.e.m.c.i.embedder.EclipseLogger - Using 'UTF-8' encoding to copy filtered resources.
2020-02-20 16:20:22,561 [Worker-201: Building workspace] INFO  o.e.m.c.i.embedder.EclipseLogger - Copying 1 resource
2020-02-20 16:20:22,561 [Worker-201: Building workspace] INFO  o.e.m.c.i.embedder.EclipseLogger - Copying 0 resource
2020-02-20 16:20:22,577 [Worker-201: Building workspace] INFO  o.e.m.c.i.embedder.EclipseLogger - Using 'UTF-8' encoding to copy filtered resources.
2020-02-20 16:20:22,577 [Worker-201: Building workspace] INFO  o.e.m.c.i.embedder.EclipseLogger - skip non existing resourceDirectory C:\Users\Ellen Rose\Desktop\Projects--FullStack\ControleDeDespesas\back-end\src\test\resources
2020-02-20 16:23:58,573 [Worker-202: Building workspace] INFO  o.e.m.c.i.embedder.EclipseLogger - Using 'UTF-8' encoding to copy filtered resources.
2020-02-20 16:23:58,573 [Worker-202: Building workspace] INFO  o.e.m.c.i.embedder.EclipseLogger - Copying 1 resource
2020-02-20 16:23:58,651 [Worker-202: Building workspace] INFO  o.e.m.c.i.embedder.EclipseLogger - Copying 0 resource
2020-02-20 16:23:58,651 [Worker-202: Building workspace] INFO  o.e.m.c.i.embedder.EclipseLogger - Using 'UTF-8' encoding to copy filtered resources.
2020-02-20 16:23:58,651 [Worker-202: Building workspace] INFO  o.e.m.c.i.embedder.EclipseLogger - skip non existing resourceDirectory C:\Users\Ellen Rose\Desktop\Projects--FullStack\ControleDeDespesas\back-end\src\test\resources
2020-02-20 16:26:02,279 [Worker-200: Building workspace] INFO  o.e.m.c.i.embedder.EclipseLogger - Using 'UTF-8' encoding to copy filtered resources.
2020-02-20 16:26:02,284 [Worker-200: Building workspace] INFO  o.e.m.c.i.embedder.EclipseLogger - Copying 1 resource
2020-02-20 16:26:02,289 [Worker-200: Building workspace] INFO  o.e.m.c.i.embedder.EclipseLogger - Copying 0 resource
2020-02-20 16:26:02,289 [Worker-200: Building workspace] INFO  o.e.m.c.i.embedder.EclipseLogger - Using 'UTF-8' encoding to copy filtered resources.
2020-02-20 16:26:02,289 [Worker-200: Building workspace] INFO  o.e.m.c.i.embedder.EclipseLogger - skip non existing resourceDirectory C:\Users\Ellen Rose\Desktop\Projects--FullStack\ControleDeDespesas\back-end\src\test\resources
2020-02-20 16:27:53,573 [Worker-208: Building workspace] INFO  o.e.m.c.i.embedder.EclipseLogger - Using 'UTF-8' encoding to copy filtered resources.
2020-02-20 16:27:53,573 [Worker-208: Building workspace] INFO  o.e.m.c.i.embedder.EclipseLogger - Copying 1 resource
2020-02-20 16:27:53,573 [Worker-208: Building workspace] INFO  o.e.m.c.i.embedder.EclipseLogger - Copying 0 resource
2020-02-20 16:27:53,589 [Worker-208: Building workspace] INFO  o.e.m.c.i.embedder.EclipseLogger - Using 'UTF-8' encoding to copy filtered resources.
2020-02-20 16:27:53,589 [Worker-208: Building workspace] INFO  o.e.m.c.i.embedder.EclipseLogger - skip non existing resourceDirectory C:\Users\Ellen Rose\Desktop\Projects--FullStack\ControleDeDespesas\back-end\src\test\resources
2020-02-20 16:32:06,919 [Worker-212: Building workspace] INFO  o.e.m.c.i.embedder.EclipseLogger - Using 'UTF-8' encoding to copy filtered resources.
2020-02-20 16:32:06,923 [Worker-212: Building workspace] INFO  o.e.m.c.i.embedder.EclipseLogger - Copying 1 resource
2020-02-20 16:32:06,930 [Worker-212: Building workspace] INFO  o.e.m.c.i.embedder.EclipseLogger - Copying 0 resource
2020-02-20 16:32:06,934 [Worker-212: Building workspace] INFO  o.e.m.c.i.embedder.EclipseLogger - Using 'UTF-8' encoding to copy filtered resources.
2020-02-20 16:32:06,934 [Worker-212: Building workspace] INFO  o.e.m.c.i.embedder.EclipseLogger - skip non existing resourceDirectory C:\Users\Ellen Rose\Desktop\Projects--FullStack\ControleDeDespesas\back-end\src\test\resources
2020-02-20 16:35:12,621 [Worker-218: Building workspace] INFO  o.e.m.c.i.embedder.EclipseLogger - Using 'UTF-8' encoding to copy filtered resources.
2020-02-20 16:35:12,621 [Worker-218: Building workspace] INFO  o.e.m.c.i.embedder.EclipseLogger - Copying 1 resource
2020-02-20 16:35:12,652 [Worker-218: Building workspace] INFO  o.e.m.c.i.embedder.EclipseLogger - Copying 0 resource
2020-02-20 16:35:12,652 [Worker-218: Building workspace] INFO  o.e.m.c.i.embedder.EclipseLogger - Using 'UTF-8' encoding to copy filtered resources.
2020-02-20 16:35:12,652 [Worker-218: Building workspace] INFO  o.e.m.c.i.embedder.EclipseLogger - skip non existing resourceDirectory C:\Users\Ellen Rose\Desktop\Projects--FullStack\ControleDeDespesas\back-end\src\test\resources
2020-02-20 16:36:43,058 [Worker-215: Building workspace] INFO  o.e.m.c.i.embedder.EclipseLogger - Using 'UTF-8' encoding to copy filtered resources.
2020-02-20 16:36:43,076 [Worker-215: Building workspace] INFO  o.e.m.c.i.embedder.EclipseLogger - Copying 1 resource
2020-02-20 16:36:43,079 [Worker-215: Building workspace] INFO  o.e.m.c.i.embedder.EclipseLogger - Copying 0 resource
2020-02-20 16:36:43,079 [Worker-215: Building workspace] INFO  o.e.m.c.i.embedder.EclipseLogger - Using 'UTF-8' encoding to copy filtered resources.
2020-02-20 16:36:43,079 [Worker-215: Building workspace] INFO  o.e.m.c.i.embedder.EclipseLogger - skip non existing resourceDirectory C:\Users\Ellen Rose\Desktop\Projects--FullStack\ControleDeDespesas\back-end\src\test\resources
2020-02-20 16:36:53,110 [Worker-222: Building workspace] INFO  o.e.m.c.i.embedder.EclipseLogger - Using 'UTF-8' encoding to copy filtered resources.
2020-02-20 16:36:53,114 [Worker-222: Building workspace] INFO  o.e.m.c.i.embedder.EclipseLogger - Copying 1 resource
2020-02-20 16:36:53,122 [Worker-222: Building workspace] INFO  o.e.m.c.i.embedder.EclipseLogger - Copying 0 resource
2020-02-20 16:36:53,126 [Worker-222: Building workspace] INFO  o.e.m.c.i.embedder.EclipseLogger - Using 'UTF-8' encoding to copy filtered resources.
2020-02-20 16:36:53,126 [Worker-222: Building workspace] INFO  o.e.m.c.i.embedder.EclipseLogger - skip non existing resourceDirectory C:\Users\Ellen Rose\Desktop\Projects--FullStack\ControleDeDespesas\back-end\src\test\resources
2020-02-20 16:57:03,004 [Worker-229: Building workspace] INFO  o.e.m.c.i.embedder.EclipseLogger - Using 'UTF-8' encoding to copy filtered resources.
2020-02-20 16:57:03,004 [Worker-229: Building workspace] INFO  o.e.m.c.i.embedder.EclipseLogger - Copying 1 resource
2020-02-20 16:57:03,022 [Worker-229: Building workspace] INFO  o.e.m.c.i.embedder.EclipseLogger - Copying 0 resource
2020-02-20 16:57:03,026 [Worker-229: Building workspace] INFO  o.e.m.c.i.embedder.EclipseLogger - Using 'UTF-8' encoding to copy filtered resources.
2020-02-20 16:57:03,026 [Worker-229: Building workspace] INFO  o.e.m.c.i.embedder.EclipseLogger - skip non existing resourceDirectory C:\Users\Ellen Rose\Desktop\Projects--FullStack\ControleDeDespesas\back-end\src\test\resources
2020-02-20 17:01:36,657 [Worker-228: Building workspace] INFO  o.e.m.c.i.embedder.EclipseLogger - Using 'UTF-8' encoding to copy filtered resources.
2020-02-20 17:01:36,657 [Worker-228: Building workspace] INFO  o.e.m.c.i.embedder.EclipseLogger - Copying 0 resource
2020-02-20 17:01:36,657 [Worker-228: Building workspace] INFO  o.e.m.c.i.embedder.EclipseLogger - Copying 0 resource
2020-02-20 17:01:36,657 [Worker-228: Building workspace] INFO  o.e.m.c.i.embedder.EclipseLogger - Using 'UTF-8' encoding to copy filtered resources.
2020-02-20 17:01:36,657 [Worker-228: Building workspace] INFO  o.e.m.c.i.embedder.EclipseLogger - skip non existing resourceDirectory C:\Users\Ellen Rose\Desktop\Projects--FullStack\ControleDeDespesas\back-end\src\test\resources
2020-02-20 17:02:10,780 [Worker-227: Building workspace] INFO  o.e.m.c.i.embedder.EclipseLogger - Using 'UTF-8' encoding to copy filtered resources.
2020-02-20 17:02:10,780 [Worker-227: Building workspace] INFO  o.e.m.c.i.embedder.EclipseLogger - Copying 0 resource
2020-02-20 17:02:10,780 [Worker-227: Building workspace] INFO  o.e.m.c.i.embedder.EclipseLogger - Copying 0 resource
2020-02-20 17:02:10,780 [Worker-227: Building workspace] INFO  o.e.m.c.i.embedder.EclipseLogger - Using 'UTF-8' encoding to copy filtered resources.
2020-02-20 17:02:10,780 [Worker-227: Building workspace] INFO  o.e.m.c.i.embedder.EclipseLogger - skip non existing resourceDirectory C:\Users\Ellen Rose\Desktop\Projects--FullStack\ControleDeDespesas\back-end\src\test\resources
2020-02-20 17:04:30,604 [Worker-232: Building workspace] INFO  o.e.m.c.i.embedder.EclipseLogger - Using 'UTF-8' encoding to copy filtered resources.
2020-02-20 17:04:30,605 [Worker-232: Building workspace] INFO  o.e.m.c.i.embedder.EclipseLogger - Copying 0 resource
2020-02-20 17:04:30,606 [Worker-232: Building workspace] INFO  o.e.m.c.i.embedder.EclipseLogger - Copying 0 resource
2020-02-20 17:04:30,606 [Worker-232: Building workspace] INFO  o.e.m.c.i.embedder.EclipseLogger - Using 'UTF-8' encoding to copy filtered resources.
2020-02-20 17:04:30,606 [Worker-232: Building workspace] INFO  o.e.m.c.i.embedder.EclipseLogger - skip non existing resourceDirectory C:\Users\Ellen Rose\Desktop\Projects--FullStack\ControleDeDespesas\back-end\src\test\resources
2020-02-20 17:06:25,079 [Worker-235: Launching ApplicationTests.contextLoads] INFO  o.e.m.c.i.embedder.EclipseLogger - Using 'UTF-8' encoding to copy filtered resources.
2020-02-20 17:06:25,079 [Worker-235: Launching ApplicationTests.contextLoads] INFO  o.e.m.c.i.embedder.EclipseLogger - Copying 0 resource
2020-02-20 17:06:25,079 [Worker-235: Launching ApplicationTests.contextLoads] INFO  o.e.m.c.i.embedder.EclipseLogger - Copying 0 resource
2020-02-20 17:06:25,079 [Worker-235: Launching ApplicationTests.contextLoads] INFO  o.e.m.c.i.embedder.EclipseLogger - Using 'UTF-8' encoding to copy filtered resources.
2020-02-20 17:06:25,079 [Worker-235: Launching ApplicationTests.contextLoads] INFO  o.e.m.c.i.embedder.EclipseLogger - skip non existing resourceDirectory C:\Users\Ellen Rose\Desktop\Projects--FullStack\ControleDeDespesas\back-end\src\test\resources
2020-02-20 17:07:49,790 [Worker-236: Building workspace] INFO  o.e.m.c.i.embedder.EclipseLogger - Using 'UTF-8' encoding to copy filtered resources.
2020-02-20 17:07:49,790 [Worker-236: Building workspace] INFO  o.e.m.c.i.embedder.EclipseLogger - Copying 1 resource
2020-02-20 17:07:49,795 [Worker-236: Building workspace] INFO  o.e.m.c.i.embedder.EclipseLogger - Copying 0 resource
2020-02-20 17:07:49,795 [Worker-236: Building workspace] INFO  o.e.m.c.i.embedder.EclipseLogger - Using 'UTF-8' encoding to copy filtered resources.
2020-02-20 17:07:49,795 [Worker-236: Building workspace] INFO  o.e.m.c.i.embedder.EclipseLogger - skip non existing resourceDirectory C:\Users\Ellen Rose\Desktop\Projects--FullStack\ControleDeDespesas\back-end\src\test\resources
2020-02-20 21:35:04,752 [Worker-2: Loading available Gradle versions] INFO  o.e.b.c.i.u.g.PublishedGradleVersions - Gradle version information cache is out-of-date. Trying to update.
2020-02-20 21:39:59,447 [Worker-12: Building workspace] INFO  o.e.m.c.i.embedder.EclipseLogger - Using 'UTF-8' encoding to copy filtered resources.
2020-02-20 21:39:59,447 [Worker-12: Building workspace] INFO  o.e.m.c.i.embedder.EclipseLogger - Copying 1 resource
2020-02-20 21:39:59,479 [Worker-12: Building workspace] INFO  o.e.m.c.i.embedder.EclipseLogger - Copying 0 resource
2020-02-20 21:39:59,479 [Worker-12: Building workspace] INFO  o.e.m.c.i.embedder.EclipseLogger - Using 'UTF-8' encoding to copy filtered resources.
2020-02-20 21:39:59,479 [Worker-12: Building workspace] INFO  o.e.m.c.i.embedder.EclipseLogger - skip non existing resourceDirectory C:\Users\Ellen Rose\Desktop\Projects--FullStack\ControleDeDespesas\back-end\src\test\resources
2020-02-20 21:41:17,918 [Worker-12: Building workspace] INFO  o.e.m.c.i.embedder.EclipseLogger - Using 'UTF-8' encoding to copy filtered resources.
2020-02-20 21:41:17,934 [Worker-12: Building workspace] INFO  o.e.m.c.i.embedder.EclipseLogger - Copying 1 resource
2020-02-20 21:41:17,934 [Worker-12: Building workspace] INFO  o.e.m.c.i.embedder.EclipseLogger - Copying 0 resource
2020-02-20 21:41:17,934 [Worker-12: Building workspace] INFO  o.e.m.c.i.embedder.EclipseLogger - Using 'UTF-8' encoding to copy filtered resources.
2020-02-20 21:41:17,934 [Worker-12: Building workspace] INFO  o.e.m.c.i.embedder.EclipseLogger - skip non existing resourceDirectory C:\Users\Ellen Rose\Desktop\Projects--FullStack\ControleDeDespesas\back-end\src\test\resources
2020-02-20 21:41:50,579 [Worker-3: Building workspace] INFO  o.e.m.c.i.embedder.EclipseLogger - Using 'UTF-8' encoding to copy filtered resources.
2020-02-20 21:41:50,579 [Worker-3: Building workspace] INFO  o.e.m.c.i.embedder.EclipseLogger - Copying 1 resource
2020-02-20 21:41:50,595 [Worker-3: Building workspace] INFO  o.e.m.c.i.embedder.EclipseLogger - Copying 0 resource
2020-02-20 21:41:50,595 [Worker-3: Building workspace] INFO  o.e.m.c.i.embedder.EclipseLogger - Using 'UTF-8' encoding to copy filtered resources.
2020-02-20 21:41:50,595 [Worker-3: Building workspace] INFO  o.e.m.c.i.embedder.EclipseLogger - skip non existing resourceDirectory C:\Users\Ellen Rose\Desktop\Projects--FullStack\ControleDeDespesas\back-end\src\test\resources
2020-02-22 08:03:36,357 [Worker-0: Loading available Gradle versions] INFO  o.e.b.c.i.u.g.PublishedGradleVersions - Gradle version information cache is out-of-date. Trying to update.
2020-03-03 08:10:28,003 [Worker-1: Loading available Gradle versions] INFO  o.e.b.c.i.u.g.PublishedGradleVersions - Gradle version information cache is out-of-date. Trying to update.
2020-03-23 19:04:28,286 [Worker-0: Loading available Gradle versions] INFO  o.e.b.c.i.u.g.PublishedGradleVersions - Gradle version information cache is out-of-date. Trying to update.
2020-03-23 19:04:47,277 [Worker-0: Loading available Gradle versions] INFO  o.e.b.c.i.u.g.PublishedGradleVersions - Updating Gradle version information cache failed. Using outdated cache.
2020-03-25 19:32:00,661 [Worker-1: Loading available Gradle versions] INFO  o.e.b.c.i.u.g.PublishedGradleVersions - Gradle version information cache is out-of-date. Trying to update.
2020-03-30 19:04:30,895 [Worker-6: Loading available Gradle versions] INFO  o.e.b.c.i.u.g.PublishedGradleVersions - Gradle version information cache is out-of-date. Trying to update.
2020-03-30 19:04:47,192 [Worker-6: Loading available Gradle versions] INFO  o.e.b.c.i.u.g.PublishedGradleVersions - Updating Gradle version information cache failed. Using outdated cache.
